<?xml version="1.0" encoding="UTF-8"?>
<robot generator="Robot 4.0.1 (Python 3.9.0 on win32)" generated="20210501 22:32:58.290" rpa="false" schemaversion="2">
<suite id="s1" name="testeSitePracticeBDD" source="C:\ROBOT\Treinamento Robot\básico\SuiteSiteTestePractice\tests\testeSitePracticeBDD.robot">
<test id="s1-t1" name="Cenário 01: Pesquisar Produto Existente">
<kw name="Abrir navegador" library="resource" type="SETUP">
<kw name="Open Browser" library="SeleniumLibrary">
<arg>http://automationpractice.com</arg>
<arg>${BROWSER}</arg>
<doc>Opens a new browser instance to the optional ``url``.</doc>
<msg timestamp="20210501 22:32:58.977" level="INFO">Opening browser 'Chrome' to base url 'http://automationpractice.com'.</msg>
<status status="PASS" starttime="20210501 22:32:58.976" endtime="20210501 22:33:06.011"/>
</kw>
<status status="PASS" starttime="20210501 22:32:58.976" endtime="20210501 22:33:06.012"/>
</kw>
<kw name="Dado que estou na página home do site">
<kw name="Acessar a página home do site" library="resource">
<kw name="Go To" library="SeleniumLibrary">
<arg>${URL}</arg>
<doc>Navigates the current browser window to the provided ``url``.</doc>
<msg timestamp="20210501 22:33:06.013" level="INFO">Opening url 'http://automationpractice.com'</msg>
<status status="PASS" starttime="20210501 22:33:06.013" endtime="20210501 22:33:07.535"/>
</kw>
<kw name="Title Should Be" library="SeleniumLibrary">
<arg>My Store</arg>
<doc>Verifies that the current page title equals ``title``.</doc>
<msg timestamp="20210501 22:33:07.540" level="INFO">Page title is 'My Store'.</msg>
<status status="PASS" starttime="20210501 22:33:07.535" endtime="20210501 22:33:07.540"/>
</kw>
<status status="PASS" starttime="20210501 22:33:06.012" endtime="20210501 22:33:07.540"/>
</kw>
<status status="PASS" starttime="20210501 22:33:06.012" endtime="20210501 22:33:07.540"/>
</kw>
<kw name="Quando eu pesquisar pelo produto &quot;blouse&quot;" sourcename="Quando eu pesquisar pelo produto &quot;${Produto}&quot;">
<kw name="Sleep" library="BuiltIn">
<arg>3</arg>
<doc>Pauses the test executed for the given time.</doc>
<msg timestamp="20210501 22:33:10.541" level="INFO">Slept 3 seconds</msg>
<status status="PASS" starttime="20210501 22:33:07.541" endtime="20210501 22:33:10.541"/>
</kw>
<kw name="Digitar o nome de produto &quot;${Produto}&quot; no campo de pesquisa" library="resource" sourcename="Digitar o nome de produto &quot;${Produto}&quot; no campo de pesquisa">
<kw name="Input Text" library="SeleniumLibrary">
<arg>name=search_query</arg>
<arg>${Produto}</arg>
<doc>Types the given ``text`` into the text field identified by ``locator``.</doc>
<msg timestamp="20210501 22:33:10.542" level="INFO">Typing text 'blouse' into text field 'name=search_query'.</msg>
<status status="PASS" starttime="20210501 22:33:10.541" endtime="20210501 22:33:10.636"/>
</kw>
<kw name="Sleep" library="BuiltIn">
<arg>3</arg>
<doc>Pauses the test executed for the given time.</doc>
<msg timestamp="20210501 22:33:13.637" level="INFO">Slept 3 seconds</msg>
<status status="PASS" starttime="20210501 22:33:10.636" endtime="20210501 22:33:13.637"/>
</kw>
<status status="PASS" starttime="20210501 22:33:10.541" endtime="20210501 22:33:13.637"/>
</kw>
<kw name="Clicar no botão de pesquisa" library="resource">
<kw name="Click Element" library="SeleniumLibrary">
<arg>name=submit_search</arg>
<doc>Click the element identified by ``locator``.</doc>
<msg timestamp="20210501 22:33:13.638" level="INFO">Clicking element 'name=submit_search'.</msg>
<status status="PASS" starttime="20210501 22:33:13.638" endtime="20210501 22:33:15.657"/>
</kw>
<kw name="Sleep" library="BuiltIn">
<arg>3</arg>
<doc>Pauses the test executed for the given time.</doc>
<msg timestamp="20210501 22:33:18.660" level="INFO">Slept 3 seconds</msg>
<status status="PASS" starttime="20210501 22:33:15.657" endtime="20210501 22:33:18.660"/>
</kw>
<status status="PASS" starttime="20210501 22:33:13.637" endtime="20210501 22:33:18.660"/>
</kw>
<status status="PASS" starttime="20210501 22:33:07.541" endtime="20210501 22:33:18.660"/>
</kw>
<kw name="Então o produto &quot;blouse&quot; deve ser listado na página de resultado da busca" sourcename="Então o produto &quot;${Produto}&quot; deve ser listado na página de resultado da busca">
<kw name="Sleep" library="BuiltIn">
<arg>3</arg>
<doc>Pauses the test executed for the given time.</doc>
<msg timestamp="20210501 22:33:21.675" level="INFO">Slept 3 seconds</msg>
<status status="PASS" starttime="20210501 22:33:18.664" endtime="20210501 22:33:21.675"/>
</kw>
<kw name="Conferir se o produto &quot;${Produto}&quot; foi listado no site" library="resource" sourcename="Conferir se o produto &quot;${Produto}&quot; foi listado no site">
<kw name="Wait Until Element Is Visible" library="SeleniumLibrary">
<arg>xpath=//*[@id="center_column"]/ul/li/div/div[1]/div/a[1]/img</arg>
<doc>Waits until the element ``locator`` is visible.</doc>
<status status="PASS" starttime="20210501 22:33:21.675" endtime="20210501 22:33:21.707"/>
</kw>
<status status="PASS" starttime="20210501 22:33:21.675" endtime="20210501 22:33:21.707"/>
</kw>
<status status="PASS" starttime="20210501 22:33:18.660" endtime="20210501 22:33:21.707"/>
</kw>
<kw name="Fechar navegador" library="resource" type="TEARDOWN">
<kw name="Close Browser" library="SeleniumLibrary">
<doc>Closes the current browser.</doc>
<status status="PASS" starttime="20210501 22:33:21.707" endtime="20210501 22:33:23.849"/>
</kw>
<status status="PASS" starttime="20210501 22:33:21.707" endtime="20210501 22:33:23.850"/>
</kw>
<status status="PASS" starttime="20210501 22:32:58.963" endtime="20210501 22:33:23.851"/>
</test>
<test id="s1-t2" name="Cenário 02: Pesquisar Produto Não Existente">
<kw name="Abrir navegador" library="resource" type="SETUP">
<kw name="Open Browser" library="SeleniumLibrary">
<arg>http://automationpractice.com</arg>
<arg>${BROWSER}</arg>
<doc>Opens a new browser instance to the optional ``url``.</doc>
<msg timestamp="20210501 22:33:23.859" level="INFO">Opening browser 'Chrome' to base url 'http://automationpractice.com'.</msg>
<status status="PASS" starttime="20210501 22:33:23.858" endtime="20210501 22:33:29.390"/>
</kw>
<status status="PASS" starttime="20210501 22:33:23.857" endtime="20210501 22:33:29.390"/>
</kw>
<kw name="Dado que estou na página home do site">
<kw name="Acessar a página home do site" library="resource">
<kw name="Go To" library="SeleniumLibrary">
<arg>${URL}</arg>
<doc>Navigates the current browser window to the provided ``url``.</doc>
<msg timestamp="20210501 22:33:29.392" level="INFO">Opening url 'http://automationpractice.com'</msg>
<status status="PASS" starttime="20210501 22:33:29.392" endtime="20210501 22:33:30.981"/>
</kw>
<kw name="Title Should Be" library="SeleniumLibrary">
<arg>My Store</arg>
<doc>Verifies that the current page title equals ``title``.</doc>
<msg timestamp="20210501 22:33:30.986" level="INFO">Page title is 'My Store'.</msg>
<status status="PASS" starttime="20210501 22:33:30.982" endtime="20210501 22:33:30.986"/>
</kw>
<status status="PASS" starttime="20210501 22:33:29.391" endtime="20210501 22:33:30.986"/>
</kw>
<status status="PASS" starttime="20210501 22:33:29.391" endtime="20210501 22:33:30.986"/>
</kw>
<kw name="Quando eu pesquisar pelo produto &quot;blouseX&quot;" sourcename="Quando eu pesquisar pelo produto &quot;${Produto}&quot;">
<kw name="Sleep" library="BuiltIn">
<arg>3</arg>
<doc>Pauses the test executed for the given time.</doc>
<msg timestamp="20210501 22:33:33.987" level="INFO">Slept 3 seconds</msg>
<status status="PASS" starttime="20210501 22:33:30.987" endtime="20210501 22:33:33.987"/>
</kw>
<kw name="Digitar o nome de produto &quot;${Produto}&quot; no campo de pesquisa" library="resource" sourcename="Digitar o nome de produto &quot;${Produto}&quot; no campo de pesquisa">
<kw name="Input Text" library="SeleniumLibrary">
<arg>name=search_query</arg>
<arg>${Produto}</arg>
<doc>Types the given ``text`` into the text field identified by ``locator``.</doc>
<msg timestamp="20210501 22:33:33.988" level="INFO">Typing text 'blouseX' into text field 'name=search_query'.</msg>
<status status="PASS" starttime="20210501 22:33:33.988" endtime="20210501 22:33:34.086"/>
</kw>
<kw name="Sleep" library="BuiltIn">
<arg>3</arg>
<doc>Pauses the test executed for the given time.</doc>
<msg timestamp="20210501 22:33:37.087" level="INFO">Slept 3 seconds</msg>
<status status="PASS" starttime="20210501 22:33:34.087" endtime="20210501 22:33:37.087"/>
</kw>
<status status="PASS" starttime="20210501 22:33:33.987" endtime="20210501 22:33:37.087"/>
</kw>
<kw name="Clicar no botão de pesquisa" library="resource">
<kw name="Click Element" library="SeleniumLibrary">
<arg>name=submit_search</arg>
<doc>Click the element identified by ``locator``.</doc>
<msg timestamp="20210501 22:33:37.088" level="INFO">Clicking element 'name=submit_search'.</msg>
<status status="PASS" starttime="20210501 22:33:37.088" endtime="20210501 22:33:39.006"/>
</kw>
<kw name="Sleep" library="BuiltIn">
<arg>3</arg>
<doc>Pauses the test executed for the given time.</doc>
<msg timestamp="20210501 22:33:42.021" level="INFO">Slept 3 seconds</msg>
<status status="PASS" starttime="20210501 22:33:39.006" endtime="20210501 22:33:42.021"/>
</kw>
<status status="PASS" starttime="20210501 22:33:37.087" endtime="20210501 22:33:42.021"/>
</kw>
<status status="PASS" starttime="20210501 22:33:30.987" endtime="20210501 22:33:42.021"/>
</kw>
<kw name="Então a página deve exibir a mensagem &quot;No results were found for your search &quot;blouseX&quot;&quot;" sourcename="Então a página deve exibir a mensagem &quot;${Mensagem_Alerta}&quot;">
<kw name="Sleep" library="BuiltIn">
<arg>3</arg>
<doc>Pauses the test executed for the given time.</doc>
<msg timestamp="20210501 22:33:45.036" level="INFO">Slept 3 seconds</msg>
<status status="PASS" starttime="20210501 22:33:42.026" endtime="20210501 22:33:45.036"/>
</kw>
<kw name="Conferir mensagem de erro &quot;${Mensagem_Alerta}&quot;" library="resource" sourcename="Conferir mensagem de erro &quot;${Mensagem_Alerta}&quot;">
<kw name="Wait Until Element Is Visible" library="SeleniumLibrary">
<arg>//*[@id="center_column"]/p[@class='alert alert-warning']</arg>
<doc>Waits until the element ``locator`` is visible.</doc>
<status status="PASS" starttime="20210501 22:33:45.036" endtime="20210501 22:33:45.067"/>
</kw>
<kw name="Element Text Should Be" library="SeleniumLibrary">
<arg>//*[@id="center_column"]/p[@class='alert alert-warning']</arg>
<arg>${Mensagem_Alerta}</arg>
<doc>Verifies that element ``locator`` contains exact the text ``expected``.</doc>
<msg timestamp="20210501 22:33:45.067" level="INFO">Verifying element '//*[@id="center_column"]/p[@class='alert alert-warning']' contains exact text 'No results were found for your search "blouseX"'.</msg>
<status status="PASS" starttime="20210501 22:33:45.067" endtime="20210501 22:33:45.083"/>
</kw>
<status status="PASS" starttime="20210501 22:33:45.036" endtime="20210501 22:33:45.083"/>
</kw>
<status status="PASS" starttime="20210501 22:33:42.021" endtime="20210501 22:33:45.083"/>
</kw>
<kw name="Fechar navegador" library="resource" type="TEARDOWN">
<kw name="Close Browser" library="SeleniumLibrary">
<doc>Closes the current browser.</doc>
<status status="PASS" starttime="20210501 22:33:45.083" endtime="20210501 22:33:47.231"/>
</kw>
<status status="PASS" starttime="20210501 22:33:45.083" endtime="20210501 22:33:47.231"/>
</kw>
<status status="PASS" starttime="20210501 22:33:23.855" endtime="20210501 22:33:47.231"/>
</test>
<status status="PASS" starttime="20210501 22:32:58.290" endtime="20210501 22:33:47.232"/>
</suite>
<statistics>
<total>
<stat pass="2" fail="0" skip="0">All Tests</stat>
</total>
<tag>
</tag>
<suite>
<stat pass="2" fail="0" skip="0" id="s1" name="testeSitePracticeBDD">testeSitePracticeBDD</stat>
</suite>
</statistics>
<errors>
</errors>
</robot>
