<?xml version="1.0" encoding="UTF-8"?>
<robot generator="Robot 4.1 (Python 3.9.6 on win32)" generated="20210907 19:21:17.724" rpa="false" schemaversion="2">
<suite id="s1" name="TestSitePracticeProcedural" source="C:\Users\cleve\Documents\Robotframework\SuiteSiteTestPractice\Tests\TestSitePracticeProcedural.robot">
<kw name="Abrir navegador" library="resource" type="SETUP">
<kw name="Open Browser" library="SeleniumLibrary">
<arg>about:blank</arg>
<arg>${BROWSER}</arg>
<doc>Opens a new browser instance to the optional ``url``.</doc>
<msg timestamp="20210907 19:21:17.846" level="INFO">Opening browser 'Chrome' to base url 'about:blank'.</msg>
<status status="PASS" starttime="20210907 19:21:17.846" endtime="20210907 19:21:18.958"/>
</kw>
<status status="PASS" starttime="20210907 19:21:17.846" endtime="20210907 19:21:18.958"/>
</kw>
<test id="s1-t1" name="Caso de teste 01: Pesquisar produto existente">
<kw name="Acessar página home do site" library="resource">
<kw name="Go To" library="SeleniumLibrary">
<arg>http://automationpractice.com/</arg>
<doc>Navigates the current browser window to the provided ``url``.</doc>
<msg timestamp="20210907 19:21:18.959" level="INFO">Opening url 'http://automationpractice.com/'</msg>
<status status="PASS" starttime="20210907 19:21:18.959" endtime="20210907 19:21:24.366"/>
</kw>
<kw name="Title Should Be" library="SeleniumLibrary">
<arg>My Store</arg>
<doc>Verifies that the current page title equals ``title``.</doc>
<msg timestamp="20210907 19:21:24.370" level="INFO">Page title is 'My Store'.</msg>
<status status="PASS" starttime="20210907 19:21:24.366" endtime="20210907 19:21:24.371"/>
</kw>
<status status="PASS" starttime="20210907 19:21:18.959" endtime="20210907 19:21:24.371"/>
</kw>
<kw name="Digitar o nome do produto &quot;Blouse&quot; no campo de Pesquisa" library="resource" sourcename="Digitar o nome do produto &quot;${PRODUTO}&quot; no campo de Pesquisa">
<kw name="Input Text" library="SeleniumLibrary">
<arg>name=search_query</arg>
<arg>${PRODUTO}</arg>
<doc>Types the given ``text`` into the text field identified by ``locator``.</doc>
<msg timestamp="20210907 19:21:24.372" level="INFO">Typing text 'Blouse' into text field 'name=search_query'.</msg>
<status status="PASS" starttime="20210907 19:21:24.372" endtime="20210907 19:21:24.447"/>
</kw>
<status status="PASS" starttime="20210907 19:21:24.371" endtime="20210907 19:21:24.448"/>
</kw>
<kw name="Clicar no botão Pesquisar" library="resource">
<kw name="Click Element" library="SeleniumLibrary">
<arg>name=submit_search</arg>
<doc>Click the element identified by ``locator``.</doc>
<msg timestamp="20210907 19:21:24.449" level="INFO">Clicking element 'name=submit_search'.</msg>
<status status="PASS" starttime="20210907 19:21:24.448" endtime="20210907 19:21:28.831"/>
</kw>
<status status="PASS" starttime="20210907 19:21:24.448" endtime="20210907 19:21:28.831"/>
</kw>
<kw name="Conferir se o produto &quot;Blouse&quot; foi listado no site" library="resource" sourcename="Conferir se o produto &quot;${PRODUTO}&quot; foi listado no site">
<kw name="Wait Until Element Is Visible" library="SeleniumLibrary">
<arg>css=#center_column &gt; h1</arg>
<doc>Waits until the element ``locator`` is visible.</doc>
<status status="PASS" starttime="20210907 19:21:28.832" endtime="20210907 19:21:28.856"/>
</kw>
<kw name="Title Should Be" library="SeleniumLibrary">
<arg>Search - My Store</arg>
<doc>Verifies that the current page title equals ``title``.</doc>
<msg timestamp="20210907 19:21:28.860" level="INFO">Page title is 'Search - My Store'.</msg>
<status status="PASS" starttime="20210907 19:21:28.856" endtime="20210907 19:21:28.860"/>
</kw>
<kw name="Page Should Contain Image" library="SeleniumLibrary">
<arg>xpath=//*[@id="center_column"]/ul/li/div/div[1]/div/a[1]/img</arg>
<doc>Verifies image identified by ``locator`` is found from current page.</doc>
<msg timestamp="20210907 19:21:28.875" level="INFO">Current page contains image 'xpath=//*[@id="center_column"]/ul/li/div/div[1]/div/a[1]/img'.</msg>
<status status="PASS" starttime="20210907 19:21:28.860" endtime="20210907 19:21:28.875"/>
</kw>
<status status="PASS" starttime="20210907 19:21:28.832" endtime="20210907 19:21:28.875"/>
</kw>
<status status="PASS" starttime="20210907 19:21:18.958" endtime="20210907 19:21:28.876"/>
</test>
<test id="s1-t2" name="Caso de teste 02: Pesquisar produto não existente">
<kw name="Acessar página home do site" library="resource">
<kw name="Go To" library="SeleniumLibrary">
<arg>http://automationpractice.com/</arg>
<doc>Navigates the current browser window to the provided ``url``.</doc>
<msg timestamp="20210907 19:21:28.878" level="INFO">Opening url 'http://automationpractice.com/'</msg>
<status status="PASS" starttime="20210907 19:21:28.877" endtime="20210907 19:21:32.152"/>
</kw>
<kw name="Title Should Be" library="SeleniumLibrary">
<arg>My Store</arg>
<doc>Verifies that the current page title equals ``title``.</doc>
<msg timestamp="20210907 19:21:32.165" level="INFO">Page title is 'My Store'.</msg>
<status status="PASS" starttime="20210907 19:21:32.152" endtime="20210907 19:21:32.165"/>
</kw>
<status status="PASS" starttime="20210907 19:21:28.877" endtime="20210907 19:21:32.165"/>
</kw>
<kw name="Digitar o nome do produto &quot;itemNãoExistente&quot; no campo de Pesquisa" library="resource" sourcename="Digitar o nome do produto &quot;${PRODUTO}&quot; no campo de Pesquisa">
<kw name="Input Text" library="SeleniumLibrary">
<arg>name=search_query</arg>
<arg>${PRODUTO}</arg>
<doc>Types the given ``text`` into the text field identified by ``locator``.</doc>
<msg timestamp="20210907 19:21:32.166" level="INFO">Typing text 'itemNãoExistente' into text field 'name=search_query'.</msg>
<status status="PASS" starttime="20210907 19:21:32.166" endtime="20210907 19:21:32.240"/>
</kw>
<status status="PASS" starttime="20210907 19:21:32.165" endtime="20210907 19:21:32.240"/>
</kw>
<kw name="Clicar no botão Pesquisar" library="resource">
<kw name="Click Element" library="SeleniumLibrary">
<arg>name=submit_search</arg>
<doc>Click the element identified by ``locator``.</doc>
<msg timestamp="20210907 19:21:32.241" level="INFO">Clicking element 'name=submit_search'.</msg>
<status status="PASS" starttime="20210907 19:21:32.241" endtime="20210907 19:21:33.340"/>
</kw>
<status status="PASS" starttime="20210907 19:21:32.241" endtime="20210907 19:21:33.341"/>
</kw>
<kw name="Conferir mensagem de erro &quot;No results were found for your search &quot;itemNãoExistente&quot;&quot;" library="resource" sourcename="Conferir mensagem de erro &quot;${MENSAGEM_ALERTA}&quot;">
<kw name="Wait Until Element Is Visible" library="SeleniumLibrary">
<arg>//*[@id="center_column"]/p[@class='alert alert-warning']</arg>
<doc>Waits until the element ``locator`` is visible.</doc>
<status status="PASS" starttime="20210907 19:21:33.341" endtime="20210907 19:21:33.366"/>
</kw>
<kw name="Element Text Should Be" library="SeleniumLibrary">
<arg>//*[@id="center_column"]/p[@class='alert alert-warning']</arg>
<arg>${MENSAGEM_ALERTA}</arg>
<doc>Verifies that element ``locator`` contains exact the text ``expected``.</doc>
<msg timestamp="20210907 19:21:33.367" level="INFO">Verifying element '//*[@id="center_column"]/p[@class='alert alert-warning']' contains exact text 'No results were found for your search "itemNãoExistente"'.</msg>
<status status="PASS" starttime="20210907 19:21:33.366" endtime="20210907 19:21:33.382"/>
</kw>
<status status="PASS" starttime="20210907 19:21:33.341" endtime="20210907 19:21:33.382"/>
</kw>
<status status="PASS" starttime="20210907 19:21:28.877" endtime="20210907 19:21:33.383"/>
</test>
<kw name="Fechar navegador" library="resource" type="TEARDOWN">
<kw name="Close Browser" library="SeleniumLibrary">
<doc>Closes the current browser.</doc>
<status status="PASS" starttime="20210907 19:21:33.385" endtime="20210907 19:21:35.549"/>
</kw>
<status status="PASS" starttime="20210907 19:21:33.385" endtime="20210907 19:21:35.549"/>
</kw>
<status status="PASS" starttime="20210907 19:21:17.724" endtime="20210907 19:21:35.549"/>
</suite>
<statistics>
<total>
<stat pass="2" fail="0" skip="0">All Tests</stat>
</total>
<tag>
</tag>
<suite>
<stat pass="2" fail="0" skip="0" id="s1" name="TestSitePracticeProcedural">TestSitePracticeProcedural</stat>
</suite>
</statistics>
<errors>
</errors>
</robot>
