<?xml version="1.0" encoding="UTF-8"?>
<robot generator="Robot 5.0.1 (Python 3.10.1 on win32)" generated="20220528 14:18:36.912" rpa="false" schemaversion="3">
<suite id="s1" name="amazon testesBDD" source="C:\Projetos\RobotFramework\WebTesting\amazon_testesBDD.robot">
<test id="s1-t1" name="Caso de teste 02: Pesquisa de produto" line="18">
<kw name="Abrir navegador" library="amazon_resources" type="SETUP">
<kw name="Open Browser" library="SeleniumLibrary">
<arg>browser=${browser}</arg>
<doc>Opens a new browser instance to the optional ``url``.</doc>
<msg timestamp="20220528 14:18:37.096" level="INFO">Opening browser 'Chrome' to base url 'None'.</msg>
<status status="PASS" starttime="20220528 14:18:37.096" endtime="20220528 14:18:38.182"/>
</kw>
<kw name="Maximize Browser Window" library="SeleniumLibrary">
<doc>Maximizes current browser window.</doc>
<status status="PASS" starttime="20220528 14:18:38.182" endtime="20220528 14:18:38.307"/>
</kw>
<status status="PASS" starttime="20220528 14:18:37.096" endtime="20220528 14:18:38.307"/>
</kw>
<kw name="Dado que estou ma homepage da Amazon" library="amazon_resources">
<kw name="Acessar a homepage do site da Amazon" library="amazon_resources">
<kw name="Go To" library="SeleniumLibrary">
<arg>url=${url_base}</arg>
<doc>Navigates the current browser window to the provided ``url``.</doc>
<msg timestamp="20220528 14:18:38.310" level="INFO">Opening url 'https://www.amazon.com.br/'</msg>
<status status="PASS" starttime="20220528 14:18:38.309" endtime="20220528 14:18:40.406"/>
</kw>
<kw name="Wait Until Element Is Visible" library="SeleniumLibrary">
<arg>locator=${menu_eletronicos}</arg>
<doc>Waits until the element ``locator`` is visible.</doc>
<status status="PASS" starttime="20220528 14:18:40.407" endtime="20220528 14:18:40.451"/>
</kw>
<status status="PASS" starttime="20220528 14:18:38.309" endtime="20220528 14:18:40.451"/>
</kw>
<kw name="Verificar se o título da página fica &quot;Amazon.com.br | Tudo pra você, de A a Z.&quot;" library="amazon_resources" sourcename="Verificar se o título da página fica &quot;${titulo_pagina}&quot;">
<kw name="Title Should Be" library="SeleniumLibrary">
<arg>title=${titulo_pagina}</arg>
<doc>Verifies that the current page title equals ``title``.</doc>
<msg timestamp="20220528 14:18:40.459" level="INFO">Page title is 'Amazon.com.br | Tudo pra você, de A a Z.'.</msg>
<status status="PASS" starttime="20220528 14:18:40.452" endtime="20220528 14:18:40.459"/>
</kw>
<status status="PASS" starttime="20220528 14:18:40.451" endtime="20220528 14:18:40.460"/>
</kw>
<status status="PASS" starttime="20220528 14:18:38.309" endtime="20220528 14:18:40.460"/>
</kw>
<kw name="Quando eu pesquisar pelo produto &quot;Xbox Series S&quot;" library="amazon_resources">
<kw name="Digitar o nome de produto &quot;Xbox Series S&quot; no campo de Pesquisa" library="amazon_resources" sourcename="Digitar o nome de produto &quot;${produto}&quot; no campo de Pesquisa">
<kw name="Input Text" library="SeleniumLibrary">
<arg>locator=twotabsearchtextbox</arg>
<arg>text=Xbox Series S</arg>
<doc>Types the given ``text`` into the text field identified by ``locator``.</doc>
<msg timestamp="20220528 14:18:40.464" level="INFO">Typing text 'Xbox Series S' into text field 'twotabsearchtextbox'.</msg>
<status status="PASS" starttime="20220528 14:18:40.464" endtime="20220528 14:18:40.656"/>
</kw>
<status status="PASS" starttime="20220528 14:18:40.464" endtime="20220528 14:18:40.656"/>
</kw>
<kw name="Clicar no botão Pesquisa" library="amazon_resources">
<kw name="Click Element" library="SeleniumLibrary">
<arg>locator=nav-search-submit-button</arg>
<doc>Click the element identified by ``locator``.</doc>
<msg timestamp="20220528 14:18:40.658" level="INFO">Clicking element 'nav-search-submit-button'.</msg>
<status status="PASS" starttime="20220528 14:18:40.657" endtime="20220528 14:18:42.183"/>
</kw>
<status status="PASS" starttime="20220528 14:18:40.656" endtime="20220528 14:18:42.183"/>
</kw>
<status status="PASS" starttime="20220528 14:18:40.463" endtime="20220528 14:18:42.184"/>
</kw>
<kw name="Então o título da página deve ficar &quot;Amazon.com.br : Xbox Series S&quot;" library="amazon_resources">
<kw name="Verificar se o título da página fica &quot;Amazon.com.br : Xbox Series S&quot;" library="amazon_resources" sourcename="Verificar se o título da página fica &quot;${titulo_pagina}&quot;">
<kw name="Title Should Be" library="SeleniumLibrary">
<arg>title=${titulo_pagina}</arg>
<doc>Verifies that the current page title equals ``title``.</doc>
<msg timestamp="20220528 14:18:42.188" level="INFO">Page title is 'Amazon.com.br : Xbox Series S'.</msg>
<status status="PASS" starttime="20220528 14:18:42.185" endtime="20220528 14:18:42.188"/>
</kw>
<status status="PASS" starttime="20220528 14:18:42.184" endtime="20220528 14:18:42.189"/>
</kw>
<status status="PASS" starttime="20220528 14:18:42.184" endtime="20220528 14:18:42.189"/>
</kw>
<kw name="E um produto da linha &quot;Xbox Series S&quot; deve ser mostrado na página" library="amazon_resources">
<kw name="Verificar o resultado da pesquisa o resultado da pesquisa, listando o produro &quot;Console Xbox Series S&quot;" library="amazon_resources" sourcename="Verificar o resultado da pesquisa o resultado da pesquisa, listando o produro &quot;${nome_produto}&quot;">
<kw name="Wait Until Element Is Visible" library="SeleniumLibrary">
<arg>locator=(//span[contains(.,'${nome_produto}')])[2]</arg>
<doc>Waits until the element ``locator`` is visible.</doc>
<status status="PASS" starttime="20220528 14:18:42.189" endtime="20220528 14:18:42.216"/>
</kw>
<status status="PASS" starttime="20220528 14:18:42.189" endtime="20220528 14:18:42.216"/>
</kw>
<status status="PASS" starttime="20220528 14:18:42.189" endtime="20220528 14:18:42.217"/>
</kw>
<kw name="Fechar navegador" library="amazon_resources" type="TEARDOWN">
<kw name="Capture Page Screenshot" library="SeleniumLibrary">
<doc>Takes a screenshot of the current page and embeds it into a log file.</doc>
<msg timestamp="20220528 14:18:42.449" level="INFO" html="true">&lt;/td&gt;&lt;/tr&gt;&lt;tr&gt;&lt;td colspan="3"&gt;&lt;a href="selenium-screenshot-14.png"&gt;&lt;img src="selenium-screenshot-14.png" width="800px"&gt;&lt;/a&gt;</msg>
<status status="PASS" starttime="20220528 14:18:42.218" endtime="20220528 14:18:42.449"/>
</kw>
<kw name="Close Browser" library="SeleniumLibrary">
<doc>Closes the current browser.</doc>
<status status="PASS" starttime="20220528 14:18:42.449" endtime="20220528 14:18:44.621"/>
</kw>
<status status="PASS" starttime="20220528 14:18:42.217" endtime="20220528 14:18:44.622"/>
</kw>
<doc>teste para validar a busca de produto específico</doc>
<tag>busca_produtos</tag>
<status status="PASS" starttime="20220528 14:18:37.087" endtime="20220528 14:18:44.622"/>
</test>
<doc>suite testa o site da Amazon</doc>
<status status="PASS" starttime="20220528 14:18:36.912" endtime="20220528 14:18:44.626"/>
</suite>
<statistics>
<total>
<stat pass="1" fail="0" skip="0">All Tests</stat>
</total>
<tag>
<stat pass="1" fail="0" skip="0">busca_produtos</stat>
</tag>
<suite>
<stat pass="1" fail="0" skip="0" id="s1" name="amazon testesBDD">amazon testesBDD</stat>
</suite>
</statistics>
<errors>
</errors>
</robot>
